<?xml version='1.0' encoding='UTF-8'?>
<testsuite hostname="KoolKidkPro2019.attlocal.net" name="com.availity.spark.provider.ProviderRosterSpec" tests="1" errors="0" failures="0" skipped="0" time="11.786" timestamp="2024-05-08T13:11:02">
          <properties>
[...]
</properties>
          <testcase classname="com.availity.spark.provider.ProviderRosterSpec" name="ProviderRoster should process data correctly" time="11.786">
                      
                    </testcase>
          <system-out><![CDATA[]]></system-out>
          <system-err><![CDATA[]]></system-err>
        </testsuite>